{
  "RSpec": {
    "coverage": {
      "/Users/cborders/turing/3module/3mod/projects/rails_engine/app/models/merchant.rb": [
        1,
        null
      ],
      "/Users/cborders/turing/3module/3mod/projects/rails_engine/app/models/application_record.rb": [
        1,
        1,
        null
      ],
      "/Users/cborders/turing/3module/3mod/projects/rails_engine/app/controllers/api/v1/merchants/find_merchants_controller.rb": [
        1,
        1,
        0,
        null,
        null,
        1,
        1,
        null,
        null,
        1,
        1,
        1,
        null,
        null
      ],
      "/Users/cborders/turing/3module/3mod/projects/rails_engine/app/controllers/application_controller.rb": [
        1,
        null
      ],
      "/Users/cborders/turing/3module/3mod/projects/rails_engine/app/controllers/api/v1/merchants_controller.rb": [
        1,
        null,
        1,
        1,
        null,
        null,
        1,
        1,
        null,
        null
      ],
      "/Users/cborders/turing/3module/3mod/projects/rails_engine/app/channels/application_cable/channel.rb": [
        0,
        0,
        0,
        0
      ],
      "/Users/cborders/turing/3module/3mod/projects/rails_engine/app/channels/application_cable/connection.rb": [
        0,
        0,
        0,
        0
      ],
      "/Users/cborders/turing/3module/3mod/projects/rails_engine/app/jobs/application_job.rb": [
        0,
        0
      ],
      "/Users/cborders/turing/3module/3mod/projects/rails_engine/app/mailers/application_mailer.rb": [
        0,
        0,
        0,
        0
      ]
    },
    "timestamp": 1493749818
  }
}
