{
  "RSpec": {
    "coverage": {
      "/Users/cborders/turing/3module/3mod/projects/rails_engine/app/models/customer.rb": [
        1,
        1,
        1,
        1,
        null
      ],
      "/Users/cborders/turing/3module/3mod/projects/rails_engine/app/models/application_record.rb": [
        1,
        1,
        null
      ],
      "/Users/cborders/turing/3module/3mod/projects/rails_engine/app/models/invoice_item.rb": [
        1,
        1,
        1,
        null
      ],
      "/Users/cborders/turing/3module/3mod/projects/rails_engine/app/models/invoice.rb": [
        1,
        1,
        1,
        1,
        null,
        1,
        1,
        null
      ],
      "/Users/cborders/turing/3module/3mod/projects/rails_engine/app/models/item.rb": [
        1,
        1,
        1,
        1,
        null
      ],
      "/Users/cborders/turing/3module/3mod/projects/rails_engine/app/models/merchant.rb": [
        1,
        1,
        1,
        1,
        1,
        1,
        null,
        null
      ],
      "/Users/cborders/turing/3module/3mod/projects/rails_engine/app/models/transaction.rb": [
        1,
        null,
        1,
        null,
        null
      ],
      "/Users/cborders/turing/3module/3mod/projects/rails_engine/app/controllers/api/v1/customers/random_controller.rb": [
        1,
        null,
        1,
        2,
        null,
        null,
        null
      ],
      "/Users/cborders/turing/3module/3mod/projects/rails_engine/app/controllers/application_controller.rb": [
        1,
        null
      ],
      "/Users/cborders/turing/3module/3mod/projects/rails_engine/app/controllers/api/v1/customers_controller.rb": [
        1,
        null,
        1,
        1,
        null,
        null,
        1,
        1,
        null,
        null
      ],
      "/Users/cborders/turing/3module/3mod/projects/rails_engine/app/controllers/api/v1/customers/find_customers_controller.rb": [
        1,
        null,
        1,
        1,
        null,
        null,
        1,
        3,
        null,
        null,
        1,
        1,
        4,
        null,
        null
      ],
      "/Users/cborders/turing/3module/3mod/projects/rails_engine/app/controllers/api/v1/merchants/items_controller.rb": [
        1,
        null,
        1,
        1,
        1,
        null,
        null,
        null
      ],
      "/Users/cborders/turing/3module/3mod/projects/rails_engine/app/serializers/item_serializer.rb": [
        1,
        1,
        null,
        1,
        15,
        null,
        null,
        null
      ],
      "/Users/cborders/turing/3module/3mod/projects/rails_engine/app/controllers/api/v1/merchants/invoices_controller.rb": [
        1,
        null,
        1,
        1,
        1,
        null,
        null
      ],
      "/Users/cborders/turing/3module/3mod/projects/rails_engine/app/controllers/api/v1/items/invoice_items_controller.rb": [
        1,
        null,
        1,
        1,
        1,
        null,
        null
      ],
      "/Users/cborders/turing/3module/3mod/projects/rails_engine/app/serializers/invoice_item_serializer.rb": [
        1,
        1,
        null,
        1,
        null,
        14,
        null,
        null
      ],
      "/Users/cborders/turing/3module/3mod/projects/rails_engine/app/controllers/api/v1/items/merchant_controller.rb": [
        1,
        null,
        1,
        1,
        1,
        null,
        null,
        null
      ],
      "/Users/cborders/turing/3module/3mod/projects/rails_engine/app/controllers/api/v1/invoices/customer_controller.rb": [
        1,
        1,
        2,
        null,
        null
      ],
      "/Users/cborders/turing/3module/3mod/projects/rails_engine/app/controllers/api/v1/invoices/invoice_items_controller.rb": [
        1,
        null,
        1,
        1,
        null,
        null,
        null
      ],
      "/Users/cborders/turing/3module/3mod/projects/rails_engine/app/controllers/api/v1/merchants_controller.rb": [
        1,
        null,
        1,
        1,
        null,
        null,
        1,
        2,
        null,
        null
      ],
      "/Users/cborders/turing/3module/3mod/projects/rails_engine/app/controllers/api/v1/merchants/find_merchants_controller.rb": [
        1,
        1,
        3,
        null,
        null,
        1,
        3,
        null,
        null,
        1,
        1,
        6,
        null,
        null
      ],
      "/Users/cborders/turing/3module/3mod/projects/rails_engine/app/controllers/api/v1/invoices/items_controller.rb": [
        1,
        null,
        1,
        1,
        null,
        null,
        null
      ],
      "/Users/cborders/turing/3module/3mod/projects/rails_engine/app/controllers/api/v1/transactions/find_transactions_controller.rb": [
        1,
        1,
        1,
        null,
        null,
        1,
        1,
        null,
        null,
        1,
        null,
        1,
        1,
        null,
        null
      ],
      "/Users/cborders/turing/3module/3mod/projects/rails_engine/app/controllers/api/v1/transactions_controller.rb": [
        1,
        1,
        1,
        null,
        null,
        1,
        1,
        null,
        null
      ],
      "/Users/cborders/turing/3module/3mod/projects/rails_engine/app/controllers/api/v1/customers/invoices_controller.rb": [
        1,
        1,
        1,
        1,
        null,
        null
      ],
      "/Users/cborders/turing/3module/3mod/projects/rails_engine/app/controllers/api/v1/customers/transactions_controller.rb": [
        1,
        null,
        1,
        1,
        1,
        null,
        null
      ],
      "/Users/cborders/turing/3module/3mod/projects/rails_engine/app/controllers/api/v1/items/random_controller.rb": [
        1,
        null,
        1,
        2,
        null,
        null,
        null
      ],
      "/Users/cborders/turing/3module/3mod/projects/rails_engine/app/controllers/api/v1/items_controller.rb": [
        1,
        null,
        1,
        1,
        null,
        null,
        1,
        1,
        null,
        null,
        null
      ],
      "/Users/cborders/turing/3module/3mod/projects/rails_engine/app/controllers/api/v1/items/find_items_controller.rb": [
        1,
        null,
        1,
        1,
        null,
        null,
        1,
        3,
        null,
        null,
        1,
        1,
        4,
        null,
        null
      ],
      "/Users/cborders/turing/3module/3mod/projects/rails_engine/app/controllers/api/v1/invoices/find_invoices_controller.rb": [
        null,
        1,
        null,
        1,
        1,
        null,
        null,
        1,
        3,
        null,
        null,
        1,
        1,
        4,
        null,
        null
      ],
      "/Users/cborders/turing/3module/3mod/projects/rails_engine/app/controllers/api/v1/invoices/random_controller.rb": [
        1,
        null,
        1,
        2,
        null,
        null,
        null
      ],
      "/Users/cborders/turing/3module/3mod/projects/rails_engine/app/controllers/api/v1/invoices_controller.rb": [
        1,
        null,
        1,
        1,
        null,
        null,
        1,
        1,
        null,
        null
      ],
      "/Users/cborders/turing/3module/3mod/projects/rails_engine/app/controllers/api/v1/invoice_items/find_invoice_items_controller.rb": [
        1,
        null,
        1,
        null,
        1,
        4,
        0,
        0,
        null,
        null,
        null,
        1,
        3,
        null,
        null,
        1,
        1,
        null,
        null,
        1,
        1,
        4,
        null,
        null
      ],
      "/Users/cborders/turing/3module/3mod/projects/rails_engine/app/controllers/api/v1/invoice_items/random_controller.rb": [
        1,
        null,
        1,
        2,
        null,
        null,
        null
      ],
      "/Users/cborders/turing/3module/3mod/projects/rails_engine/app/controllers/api/v1/invoice_items_controller.rb": [
        1,
        null,
        1,
        1,
        null,
        null,
        1,
        1,
        null,
        null
      ],
      "/Users/cborders/turing/3module/3mod/projects/rails_engine/app/controllers/api/v1/invoice_items/item_controller.rb": [
        1,
        null,
        1,
        1,
        1,
        null,
        null,
        null
      ],
      "/Users/cborders/turing/3module/3mod/projects/rails_engine/app/controllers/api/v1/invoice_items/invoice_controller.rb": [
        1,
        null,
        1,
        1,
        1,
        null,
        null,
        null
      ],
      "/Users/cborders/turing/3module/3mod/projects/rails_engine/app/channels/application_cable/channel.rb": [
        0,
        0,
        0,
        0
      ],
      "/Users/cborders/turing/3module/3mod/projects/rails_engine/app/channels/application_cable/connection.rb": [
        0,
        0,
        0,
        0
      ],
      "/Users/cborders/turing/3module/3mod/projects/rails_engine/app/controllers/api/v1/merchants/random_merchants_controller.rb": [
        0,
        0,
        0,
        0,
        0,
        0
      ],
      "/Users/cborders/turing/3module/3mod/projects/rails_engine/app/jobs/application_job.rb": [
        0,
        0
      ],
      "/Users/cborders/turing/3module/3mod/projects/rails_engine/app/mailers/application_mailer.rb": [
        0,
        0,
        0,
        0
      ]
    },
    "timestamp": 1493943921
  }
}
